Beginning execution ...... /nBeginning execution ...... /nBeginning execution ...... /nBeginning execution ...... /nBeginning execution ...... /nBeginning execution ...... /nBeginning execution ...... /nBeginning execution ...... /nBeginning execution ...... /nBeginning execution ...... /nBeginning execution ...... /nMade it past reading args
Beginning execution ...... /nMade it past reading args
Beginning execution ...... /nMade it past reading args
Beginning execution ...... /nMade it past reading args
Beginning execution ...... /nMade it past reading args
Beginning execution ...... /nMade it past reading args
Beginning execution ...... /nMade it past reading args
Beginning execution ...... /nMade it past reading args
Beginning execution ...... /nMade it past reading args
Beginning execution ...... /nMade it past reading args
Beginning execution ...... /nMade it past reading args
Made it past a and b
Beginning execution ...... /nMade it past reading args
Made it past a and b
Beginning execution ...... /nMade it past reading args
Made it past a and b
Beginning execution ...... /nMade it past reading args
Made it past a and b
Beginning execution ...... /nMade it past reading args
Made it past a and b
Beginning execution ...... /nMade it past reading args
Made it past a and b
Beginning execution ...... /nMade it past reading args
Made it past a and b
Beginning execution ...... /nMade it past reading args
Made it past a and b
Beginning execution ...... /nMade it past reading args
Made it past a and b
Beginning execution ...... /nMade it past reading args
Made it past a and b
Beginning execution ...... /nParsing input arguments and allocating A and B matricies ..... 
Allocating memory for matrix CBeginning execution ...... /nParsing input arguments and allocating A and B matricies ..... 
Allocating memory for matrix CBeginning execution ...... /nParsing input arguments and allocating A and B matricies ..... 
Allocating memory for matrix CBeginning execution ...... /nParsing input arguments and allocating A and B matricies ..... 
Allocating memory for matrix CBeginning execution ...... /nParsing input arguments and allocating A and B matricies ..... 
Allocating memory for matrix CBeginning execution ...... /nParsing input arguments and allocating A and B matricies ..... 
Allocating memory for matrix CBeginning execution ...... /nParsing input arguments and allocating A and B matricies ..... 
Allocating memory for matrix CBeginning execution ...... /nParsing input arguments and allocating A and B matricies ..... 
Allocating memory for matrix CBeginning execution ...... /nParsing input arguments and allocating A and B matricies ..... 
Allocating memory for matrix CBeginning execution ...... /nParsing input arguments and allocating A and B matricies ..... 
Allocating memory for matrix CBeginning execution ...... 
Made it past reading args
Made it past a and b
Made it past allocating matrix
Memory Allocated ...... /nLaunching Kernel ...... /nCompleted kernel  execution ...... /nMemory Copied ...... /nBeginning execution ...... 
Made it past reading args
Made it past a and b
Made it past allocating matrix
Memory Allocated ...... /nLaunching Kernel ...... /nCompleted kernel  execution ...... /nMemory Copied ...... /nBeginning execution ...... 
Made it past reading args
Made it past a and b
Made it past allocating matrix
Memory Allocated ...... /nLaunching Kernel ...... /nCompleted kernel  execution ...... /nMemory Copied ...... /nBeginning execution ...... 
Made it past reading args
Made it past a and b
Made it past allocating matrix
Memory Allocated ...... /nLaunching Kernel ...... /nCompleted kernel  execution ...... /nMemory Copied ...... /nBeginning execution ...... 
Made it past reading args
Made it past a and b
Made it past allocating matrix
Memory Allocated ...... /nLaunching Kernel ...... /nCompleted kernel  execution ...... /nMemory Copied ...... /nBeginning execution ...... 
Made it past reading args
Made it past a and b
Made it past allocating matrix
Memory Allocated ...... /nLaunching Kernel ...... /nCompleted kernel  execution ...... /nMemory Copied ...... /nBeginning execution ...... 
Made it past reading args
Made it past a and b
Made it past allocating matrix
Memory Allocated ...... /nLaunching Kernel ...... /nCompleted kernel  execution ...... /nMemory Copied ...... /nBeginning execution ...... 
Made it past reading args
Made it past a and b
Made it past allocating matrix
Memory Allocated ...... /nLaunching Kernel ...... /nCompleted kernel  execution ...... /nMemory Copied ...... /nBeginning execution ...... 
Made it past reading args
Made it past a and b
Made it past allocating matrix
Memory Allocated ...... /nLaunching Kernel ...... /nCompleted kernel  execution ...... /nMemory Copied ...... /nBeginning execution ...... 
Made it past reading args
Made it past a and b
Made it past allocating matrix
Memory Allocated ...... /nLaunching Kernel ...... /nCompleted kernel  execution ...... /nMemory Copied ...... /nBeginning execution ...... 
Made it past reading args
Made it past a and b
Made it past allocating matrix
Memory Allocated ...... /nLaunching Kernel ...... /nCompleted kernel  execution ...... /nMemory Copied ...... /nBeginning execution ...... 
Made it past reading args
Made it past a and b
Made it past allocating matrix
Memory Allocated ...... /nLaunching Kernel ...... /nCompleted kernel  execution ...... /nMemory Copied ...... /nBeginning execution ...... 
Made it past reading args
Made it past a and b
Made it past allocating matrix
Memory Allocated ...... /nLaunching Kernel ...... /nCompleted kernel  execution ...... /nMemory Copied ...... /nBeginning execution ...... 
Made it past reading args
Made it past a and b
Made it past allocating matrix
Memory Allocated ...... /nLaunching Kernel ...... /nCompleted kernel  execution ...... /nMemory Copied ...... /nBeginning execution ...... 
Made it past reading args
Made it past a and b
Made it past allocating matrix
Memory Allocated ...... /nLaunching Kernel ...... /nCompleted kernel  execution ...... /nMemory Copied ...... /nBeginning execution ...... 
Made it past reading args
Made it past a and b
Made it past allocating matrix
Memory Allocated ...... /nLaunching Kernel ...... /nCompleted kernel  execution ...... /nMemory Copied ...... /nBeginning execution ...... 
Made it past reading args
Made it past a and b
Made it past allocating matrix
Memory Allocated ...... /nLaunching Kernel ...... /nCompleted kernel  execution ...... /nMemory Copied ...... /nBeginning execution ...... 
Made it past reading args
Made it past a and b
Made it past allocating matrix
Memory Allocated ...... /nLaunching Kernel ...... /nCompleted kernel  execution ...... /nMemory Copied ...... /nBeginning execution ...... 
Made it past reading args
Made it past a and b
Made it past allocating matrix
Memory Allocated ...... /nLaunching Kernel ...... /nCompleted kernel  execution ...... /nMemory Copied ...... /nBeginning execution ...... 
Made it past reading args
Made it past a and b
Made it past allocating matrix
Memory Allocated ...... /nLaunching Kernel ...... /nCompleted kernel  execution ...... /nMemory Copied ...... /nBeginning execution ...... 
Made it past reading args
Made it past a and b
Made it past allocating matrix
Memory Allocated ...... /nLaunching Kernel ...... /nCompleted kernel  execution ...... /nMemory Copied ...... /nBeginning execution ...... 
Made it past reading args
Made it past a and b
Made it past allocating matrix
Memory Allocated ...... /nLaunching Kernel ...... /nCompleted kernel  execution ...... /nMemory Copied ...... /nBeginning execution ...... 
Made it past reading args
Made it past a and b
Made it past allocating matrix
Memory Allocated ...... /nLaunching Kernel ...... /nCompleted kernel  execution ...... /nMemory Copied ...... /nBeginning execution ...... 
Made it past reading args
Made it past a and b
Made it past allocating matrix
Memory Allocated ...... /nLaunching Kernel ...... /nCompleted kernel  execution ...... /nMemory Copied ...... /nBeginning execution ...... 
Made it past reading args
Made it past a and b
Made it past allocating matrix
Memory Allocated ...... /nLaunching Kernel ...... /nCompleted kernel  execution ...... /nMemory Copied ...... /nBeginning execution ...... 
Made it past reading args
Made it past a and b
Made it past allocating matrix
Memory Allocated ...... /nLaunching Kernel ...... /nCompleted kernel  execution ...... /nMemory Copied ...... /nBeginning execution ...... 
Made it past reading args
Made it past a and b
Made it past allocating matrix
Memory Allocated ...... /nLaunching Kernel ...... /nCompleted kernel  execution ...... /nMemory Copied ...... /nBeginning execution ...... 
Made it past reading args
Made it past a and b
Made it past allocating matrix
Memory Allocated ...... /nLaunching Kernel ...... /nCompleted kernel  execution ...... /nMemory Copied ...... /nBeginning execution ...... 
Made it past reading args
Made it past a and b
Made it past allocating matrix
Memory Allocated ...... /nLaunching Kernel ...... /nCompleted kernel  execution ...... /nMemory Copied ...... /nBeginning execution ...... 
Made it past reading args
Made it past a and b
Made it past allocating matrix
Memory Allocated ...... /nLaunching Kernel ...... /nCompleted kernel  execution ...... /nMemory Copied ...... /n